\BOOKMARK [1][-]{section*.2}{2001.01.05: Troll Masters \205 Gausdal NOR}{}% 1
\BOOKMARK [2][-]{section*.3}{Edvardsen,R vs. Carlsen,Magnus \205 1/2-1/2 \205 D12}{section*.2}% 2
\BOOKMARK [3][-]{section*.4}{A46 \205 Indian: 2.Nf3}{section*.3}% 3
\BOOKMARK [1][-]{section*.5}{2001.01.06: Troll Masters \205 Gausdal NOR}{}% 4
\BOOKMARK [2][-]{section*.6}{Carlsen,Magnus vs. Brameld,A \205 0-1 \205 B05}{section*.5}% 5
\BOOKMARK [3][-]{section*.7}{B05 \205 Alekhine: Modern, 4...Bg4}{section*.6}% 6
\BOOKMARK [1][-]{section*.8}{2001.01.07: Troll Masters \205 Gausdal NOR}{}% 7
\BOOKMARK [2][-]{section*.9}{Carlsen,Magnus vs. Fant,G \205 1-0 \205 C16}{section*.8}% 8
\BOOKMARK [3][-]{section*.10}{C16 \205 French: Winawer, Advance, 4...Ne7 5.a3 Bxc3+ 6.bxc3 b6 7.Qg4}{section*.9}% 9
\BOOKMARK [1][-]{section*.11}{2001.01.08: Troll Masters \205 Gausdal NOR}{}% 10
\BOOKMARK [2][-]{section*.12}{Tallaksen,G vs. Carlsen,Magnus \205 1/2-1/2 \205 D35}{section*.11}% 11
\BOOKMARK [3][-]{section*.13}{D35 \205 QGD: 3.Nc3 Nf6 4.e3}{section*.12}% 12
\BOOKMARK [2][-]{section*.14}{Carlsen,Magnus vs. Nilssen,J \205 0-1 \205 B32}{section*.11}% 13
\BOOKMARK [3][-]{section*.15}{B32 \205 Sicilian: Lowenthal, Kalashnikov, 6.N1c3 a6 7.Na3 b5 8.Nd5 Nge7}{section*.14}% 14
\BOOKMARK [1][-]{section*.16}{2001.01.09: Troll Masters \205 Gausdal NOR}{}% 15
\BOOKMARK [2][-]{section*.17}{Grubert,C vs. Carlsen,Magnus \205 1-0 \205 C42}{section*.16}% 16
\BOOKMARK [3][-]{section*.18}{C42 \205 Russian Game: Classical, Marshall, 8.c4 c6}{section*.17}% 17
\BOOKMARK [1][-]{section*.19}{2001.01.10: Troll Masters \205 Gausdal NOR}{}% 18
\BOOKMARK [2][-]{section*.20}{Carlsen,Magnus vs. Johansen,KR \205 1-0 \205 B06}{section*.19}% 19
\BOOKMARK [3][-]{section*.21}{B06 \205 Modern: Pseudo-Austrian Attack, 1.e4 g6 2.d4 Bg7 3.Nc3 d6 4.f4}{section*.20}% 20
\BOOKMARK [1][-]{section*.22}{2001.01.11: Troll Masters \205 Gausdal NOR}{}% 21
\BOOKMARK [2][-]{section*.23}{Sorensen,H vs. Carlsen,Magnus \205 1-0 \205 D48}{section*.22}% 22
\BOOKMARK [3][-]{section*.24}{D10 \205 Slav: 3.Nc3 Nf6}{section*.23}% 23
