\BOOKMARK [1][-]{section*.2}{\376\377\000I\000n\000d\000e\000x}{}% 1
\BOOKMARK [1][-]{section*.3}{\376\377\000G\000a\000u\000s\000d\000a\000l\000\040\000N\000O\000R\000,\000\040\000T\000r\000o\000l\000l\000\040\000M\000a\000s\000t\000e\000r\000s\000,\000\040\000R\000o\000u\000n\000d\000\040\0001\000\040\000\050\0002\0000\0000\0001\000.\0000\0001\000.\0000\0005\000\051}{}% 2
\BOOKMARK [2][-]{section*.4}{\376\377\000E\000d\000v\000a\000r\000d\000s\000e\000n\000,\000\040\000R\000\040\000v\000s\000.\000\040\000C\000a\000r\000l\000s\000e\000n\000,\000\040\000M\000a\000g\000n\000u\000s\000\040\040\023\000\040\0001\000/\0002\000-\0001\000/\0002\000\040\040\023\000\040\000D\0001\0002}{section*.3}% 3
\BOOKMARK [3][-]{section*.5}{\376\377\000A\0004\0006\000\040\040\023\000\040\000I\000n\000d\000i\000a\000n\000:\000\040\0002\000.\000N\000f\0003}{section*.4}% 4
\BOOKMARK [1][-]{section*.6}{\376\377\000G\000a\000u\000s\000d\000a\000l\000\040\000N\000O\000R\000,\000\040\000T\000r\000o\000l\000l\000\040\000M\000a\000s\000t\000e\000r\000s\000,\000\040\000R\000o\000u\000n\000d\000\040\0002\000\040\000\050\0002\0000\0000\0001\000.\0000\0001\000.\0000\0006\000\051}{}% 5
\BOOKMARK [2][-]{section*.7}{\376\377\000C\000a\000r\000l\000s\000e\000n\000,\000\040\000M\000a\000g\000n\000u\000s\000\040\000v\000s\000.\000\040\000B\000r\000a\000m\000e\000l\000d\000,\000\040\000A\000\040\040\023\000\040\0000\000-\0001\000\040\040\023\000\040\000B\0000\0005}{section*.6}% 6
\BOOKMARK [3][-]{section*.8}{\376\377\000B\0000\0005\000\040\040\023\000\040\000A\000l\000e\000k\000h\000i\000n\000e\000:\000\040\000M\000o\000d\000e\000r\000n\000,\000\040\0004\000.\000.\000.\000B\000g\0004}{section*.7}% 7
\BOOKMARK [1][-]{section*.9}{\376\377\000G\000a\000u\000s\000d\000a\000l\000\040\000N\000O\000R\000,\000\040\000T\000r\000o\000l\000l\000\040\000M\000a\000s\000t\000e\000r\000s\000,\000\040\000R\000o\000u\000n\000d\000\040\0003\000\040\000\050\0002\0000\0000\0001\000.\0000\0001\000.\0000\0007\000\051}{}% 8
\BOOKMARK [2][-]{section*.10}{\376\377\000C\000a\000r\000l\000s\000e\000n\000,\000\040\000M\000a\000g\000n\000u\000s\000\040\000v\000s\000.\000\040\000F\000a\000n\000t\000,\000\040\000G\000\040\040\023\000\040\0001\000-\0000\000\040\040\023\000\040\000C\0001\0006}{section*.9}% 9
\BOOKMARK [3][-]{section*.11}{\376\377\000C\0001\0006\000\040\040\023\000\040\000F\000r\000e\000n\000c\000h\000:\000\040\000W\000i\000n\000a\000w\000e\000r\000,\000\040\000A\000d\000v\000a\000n\000c\000e\000,\000\040\0004\000.\000.\000.\000N\000e\0007\000\040\0005\000.\000a\0003\000\040\000B\000x\000c\0003\000+\000\040\0006\000.\000b\000x\000c\0003\000\040\000b\0006\000\040\0007\000.\000Q\000g\0004}{section*.10}% 10
\BOOKMARK [1][-]{section*.12}{\376\377\000G\000a\000u\000s\000d\000a\000l\000\040\000N\000O\000R\000,\000\040\000T\000r\000o\000l\000l\000\040\000M\000a\000s\000t\000e\000r\000s\000,\000\040\000R\000o\000u\000n\000d\000\040\0004\000\040\000\050\0002\0000\0000\0001\000.\0000\0001\000.\0000\0008\000\051}{}% 11
\BOOKMARK [2][-]{section*.13}{\376\377\000T\000a\000l\000l\000a\000k\000s\000e\000n\000,\000\040\000G\000\040\000v\000s\000.\000\040\000C\000a\000r\000l\000s\000e\000n\000,\000\040\000M\000a\000g\000n\000u\000s\000\040\040\023\000\040\0001\000/\0002\000-\0001\000/\0002\000\040\040\023\000\040\000D\0003\0005}{section*.12}% 12
\BOOKMARK [3][-]{section*.14}{\376\377\000D\0003\0005\000\040\040\023\000\040\000Q\000G\000D\000:\000\040\0003\000.\000N\000c\0003\000\040\000N\000f\0006\000\040\0004\000.\000e\0003}{section*.13}% 13
\BOOKMARK [1][-]{section*.15}{\376\377\000G\000a\000u\000s\000d\000a\000l\000\040\000N\000O\000R\000,\000\040\000T\000r\000o\000l\000l\000\040\000M\000a\000s\000t\000e\000r\000s\000,\000\040\000R\000o\000u\000n\000d\000\040\0005\000\040\000\050\0002\0000\0000\0001\000.\0000\0001\000.\0000\0008\000\051}{}% 14
\BOOKMARK [2][-]{section*.16}{\376\377\000C\000a\000r\000l\000s\000e\000n\000,\000\040\000M\000a\000g\000n\000u\000s\000\040\000v\000s\000.\000\040\000N\000i\000l\000s\000s\000e\000n\000,\000\040\000J\000\040\040\023\000\040\0000\000-\0001\000\040\040\023\000\040\000B\0003\0002}{section*.15}% 15
\BOOKMARK [3][-]{section*.17}{\376\377\000B\0003\0002\000\040\040\023\000\040\000S\000i\000c\000i\000l\000i\000a\000n\000:\000\040\000L\000o\000w\000e\000n\000t\000h\000a\000l\000,\000\040\000K\000a\000l\000a\000s\000h\000n\000i\000k\000o\000v\000,\000\040\0006\000.\000N\0001\000c\0003\000\040\000a\0006\000\040\0007\000.\000N\000a\0003\000\040\000b\0005\000\040\0008\000.\000N\000d\0005\000\040\000N\000g\000e\0007}{section*.16}% 16
\BOOKMARK [1][-]{section*.18}{\376\377\000G\000a\000u\000s\000d\000a\000l\000\040\000N\000O\000R\000,\000\040\000T\000r\000o\000l\000l\000\040\000M\000a\000s\000t\000e\000r\000s\000,\000\040\000R\000o\000u\000n\000d\000\040\0006\000\040\000\050\0002\0000\0000\0001\000.\0000\0001\000.\0000\0009\000\051}{}% 17
\BOOKMARK [2][-]{section*.19}{\376\377\000G\000r\000u\000b\000e\000r\000t\000,\000\040\000C\000\040\000v\000s\000.\000\040\000C\000a\000r\000l\000s\000e\000n\000,\000\040\000M\000a\000g\000n\000u\000s\000\040\040\023\000\040\0001\000-\0000\000\040\040\023\000\040\000C\0004\0002}{section*.18}% 18
\BOOKMARK [3][-]{section*.20}{\376\377\000C\0004\0002\000\040\040\023\000\040\000R\000u\000s\000s\000i\000a\000n\000\040\000G\000a\000m\000e\000:\000\040\000C\000l\000a\000s\000s\000i\000c\000a\000l\000,\000\040\000M\000a\000r\000s\000h\000a\000l\000l\000,\000\040\0008\000.\000c\0004\000\040\000c\0006}{section*.19}% 19
\BOOKMARK [1][-]{section*.21}{\376\377\000G\000a\000u\000s\000d\000a\000l\000\040\000N\000O\000R\000,\000\040\000T\000r\000o\000l\000l\000\040\000M\000a\000s\000t\000e\000r\000s\000,\000\040\000R\000o\000u\000n\000d\000\040\0007\000\040\000\050\0002\0000\0000\0001\000.\0000\0001\000.\0001\0000\000\051}{}% 20
\BOOKMARK [2][-]{section*.22}{\376\377\000C\000a\000r\000l\000s\000e\000n\000,\000\040\000M\000a\000g\000n\000u\000s\000\040\000v\000s\000.\000\040\000J\000o\000h\000a\000n\000s\000e\000n\000,\000\040\000K\000R\000\040\040\023\000\040\0001\000-\0000\000\040\040\023\000\040\000B\0000\0006}{section*.21}% 21
\BOOKMARK [3][-]{section*.23}{\376\377\000B\0000\0006\000\040\040\023\000\040\000M\000o\000d\000e\000r\000n\000:\000\040\000P\000s\000e\000u\000d\000o\000-\000A\000u\000s\000t\000r\000i\000a\000n\000\040\000A\000t\000t\000a\000c\000k\000,\000\040\0001\000.\000e\0004\000\040\000g\0006\000\040\0002\000.\000d\0004\000\040\000B\000g\0007\000\040\0003\000.\000N\000c\0003\000\040\000d\0006\000\040\0004\000.\000f\0004}{section*.22}% 22
\BOOKMARK [1][-]{section*.24}{\376\377\000G\000a\000u\000s\000d\000a\000l\000\040\000N\000O\000R\000,\000\040\000T\000r\000o\000l\000l\000\040\000M\000a\000s\000t\000e\000r\000s\000,\000\040\000R\000o\000u\000n\000d\000\040\0008\000\040\000\050\0002\0000\0000\0001\000.\0000\0001\000.\0001\0001\000\051}{}% 23
\BOOKMARK [2][-]{section*.25}{\376\377\000S\000o\000r\000e\000n\000s\000e\000n\000,\000\040\000H\000\040\000v\000s\000.\000\040\000C\000a\000r\000l\000s\000e\000n\000,\000\040\000M\000a\000g\000n\000u\000s\000\040\040\023\000\040\0001\000-\0000\000\040\040\023\000\040\000D\0004\0008}{section*.24}% 24
\BOOKMARK [3][-]{section*.26}{\376\377\000D\0001\0000\000\040\040\023\000\040\000S\000l\000a\000v\000:\000\040\0003\000.\000N\000c\0003\000\040\000N\000f\0006}{section*.25}% 25
